# JRE version: Java(TM) SE Runtime Environment (8.0-b132) (build 1.8.0-b132)
# Java VM: Java HotSpot(TM) 64-Bit Server VM (25.0-b70 mixed mode linux-amd64 compressed oops)
Heap:
 PSYoungGen      total 411648K, used 39K [0x00000000d6b00000, 0x00000000f4880000, 0x0000000100000000)
  eden space 371200K, 0% used [0x00000000d6b00000,0x00000000d6b09e20,0x00000000ed580000)
  from space 40448K, 0% used [0x00000000ed580000,0x00000000ed580000,0x00000000efd00000)
  to   space 39424K, 0% used [0x00000000f2200000,0x00000000f2200000,0x00000000f4880000)
 ParOldGen       total 40448K, used 25139K [0x0000000084000000, 0x0000000086780000, 0x00000000d6b00000)
  object space 40448K, 62% used [0x0000000084000000,0x000000008588cc70,0x0000000086780000)
 Metaspace       used 22764K, capacity 23232K, committed 23296K, reserved 1071104K
  class space    used 1700K, capacity 1778K, committed 1792K, reserved 1048576K
GC Heap History (10 events):
Event: 160.074 GC heap before
{Heap before GC invocations=101 (full 7):
 PSYoungGen      total 340992K, used 335920K [0x00000000d6b00000, 0x00000000efa80000, 0x0000000100000000)
  eden space 307712K, 100% used [0x00000000d6b00000,0x00000000e9780000,0x00000000e9780000)
  from space 33280K, 84% used [0x00000000e9780000,0x00000000eb30c010,0x00000000eb800000)
  to   space 34816K, 0% used [0x00000000ed880000,0x00000000ed880000,0x00000000efa80000)
 ParOldGen       total 64512K, used 39411K [0x0000000084000000, 0x0000000087f00000, 0x00000000d6b00000)
  object space 64512K, 61% used [0x0000000084000000,0x000000008667cda8,0x0000000087f00000)
 Metaspace       used 22752K, capacity 23102K, committed 23296K, reserved 1071104K
  class space    used 1700K, capacity 1777K, committed 1792K, reserved 1048576K
Event: 160.196 GC heap after
Heap after GC invocations=101 (full 7):
 PSYoungGen      total 372736K, used 28272K [0x00000000d6b00000, 0x00000000efe00000, 0x0000000100000000)
  eden space 337920K, 0% used [0x00000000d6b00000,0x00000000d6b00000,0x00000000eb500000)
  from space 34816K, 81% used [0x00000000ed880000,0x00000000ef41c010,0x00000000efa80000)
  to   space 36352K, 0% used [0x00000000eb500000,0x00000000eb500000,0x00000000ed880000)
 ParOldGen       total 64512K, used 39427K [0x0000000084000000, 0x0000000087f00000, 0x00000000d6b00000)
  object space 64512K, 61% used [0x0000000084000000,0x0000000086680da8,0x0000000087f00000)
 Metaspace       used 22752K, capacity 23102K, committed 23296K, reserved 1071104K
  class space    used 1700K, capacity 1777K, committed 1792K, reserved 1048576K
}
Event: 164.650 GC heap before
{Heap before GC invocations=102 (full 7):
 PSYoungGen      total 372736K, used 366192K [0x00000000d6b00000, 0x00000000efe00000, 0x0000000100000000)
  eden space 337920K, 100% used [0x00000000d6b00000,0x00000000eb500000,0x00000000eb500000)
  from space 34816K, 81% used [0x00000000ed880000,0x00000000ef41c010,0x00000000efa80000)
  to   space 36352K, 0% used [0x00000000eb500000,0x00000000eb500000,0x00000000ed880000)
 ParOldGen       total 64512K, used 39427K [0x0000000084000000, 0x0000000087f00000, 0x00000000d6b00000)
  object space 64512K, 61% used [0x0000000084000000,0x0000000086680da8,0x0000000087f00000)
 Metaspace       used 22752K, capacity 23102K, committed 23296K, reserved 1071104K
  class space    used 1700K, capacity 1777K, committed 1792K, reserved 1048576K
Event: 164.787 GC heap after
Heap after GC invocations=102 (full 7):
 PSYoungGen      total 374272K, used 31552K [0x00000000d6b00000, 0x00000000f2280000, 0x0000000100000000)
  eden space 337920K, 0% used [0x00000000d6b00000,0x00000000d6b00000,0x00000000eb500000)
  from space 36352K, 86% used [0x00000000eb500000,0x00000000ed3d0030,0x00000000ed880000)
  to   space 38400K, 0% used [0x00000000efd00000,0x00000000efd00000,0x00000000f2280000)
 ParOldGen       total 64512K, used 39427K [0x0000000084000000, 0x0000000087f00000, 0x00000000d6b00000)
  object space 64512K, 61% used [0x0000000084000000,0x0000000086680da8,0x0000000087f00000)
 Metaspace       used 22752K, capacity 23102K, committed 23296K, reserved 1071104K
  class space    used 1700K, capacity 1777K, committed 1792K, reserved 1048576K
}
Event: 169.169 GC heap before
{Heap before GC invocations=103 (full 7):
 PSYoungGen      total 374272K, used 369472K [0x00000000d6b00000, 0x00000000f2280000, 0x0000000100000000)
  eden space 337920K, 100% used [0x00000000d6b00000,0x00000000eb500000,0x00000000eb500000)
  from space 36352K, 86% used [0x00000000eb500000,0x00000000ed3d0030,0x00000000ed880000)
  to   space 38400K, 0% used [0x00000000efd00000,0x00000000efd00000,0x00000000f2280000)
 ParOldGen       total 64512K, used 39427K [0x0000000084000000, 0x0000000087f00000, 0x00000000d6b00000)
  object space 64512K, 61% used [0x0000000084000000,0x0000000086680da8,0x0000000087f00000)
 Metaspace       used 22752K, capacity 23102K, committed 23296K, reserved 1071104K
  class space    used 1700K, capacity 1777K, committed 1792K, reserved 1048576K
Event: 169.313 GC heap after
Heap after GC invocations=103 (full 7):
 PSYoungGen      total 409600K, used 31456K [0x00000000d6b00000, 0x00000000f2680000, 0x0000000100000000)
  eden space 371200K, 0% used [0x00000000d6b00000,0x00000000d6b00000,0x00000000ed580000)
  from space 38400K, 81% used [0x00000000efd00000,0x00000000f1bb8010,0x00000000f2280000)
  to   space 40448K, 0% used [0x00000000ed580000,0x00000000ed580000,0x00000000efd00000)
 ParOldGen       total 64512K, used 39611K [0x0000000084000000, 0x0000000087f00000, 0x00000000d6b00000)
  object space 64512K, 61% used [0x0000000084000000,0x00000000866aeda8,0x0000000087f00000)
 Metaspace       used 22752K, capacity 23102K, committed 23296K, reserved 1071104K
  class space    used 1700K, capacity 1777K, committed 1792K, reserved 1048576K
}
Event: 172.214 GC heap before
{Heap before GC invocations=104 (full 7):
 PSYoungGen      total 409600K, used 221433K [0x00000000d6b00000, 0x00000000f2680000, 0x0000000100000000)
  eden space 371200K, 51% used [0x00000000d6b00000,0x00000000e24865b8,0x00000000ed580000)
  from space 38400K, 81% used [0x00000000efd00000,0x00000000f1bb8010,0x00000000f2280000)
  to   space 40448K, 0% used [0x00000000ed580000,0x00000000ed580000,0x00000000efd00000)
 ParOldGen       total 64512K, used 39611K [0x0000000084000000, 0x0000000087f00000, 0x00000000d6b00000)
  object space 64512K, 61% used [0x0000000084000000,0x00000000866aeda8,0x0000000087f00000)
 Metaspace       used 22764K, capacity 23232K, committed 23296K, reserved 1071104K
  class space    used 1700K, capacity 1778K, committed 1792K, reserved 1048576K
Event: 172.299 GC heap after
Heap after GC invocations=104 (full 7):
 PSYoungGen      total 411648K, used 18928K [0x00000000d6b00000, 0x00000000f4880000, 0x0000000100000000)
  eden space 371200K, 0% used [0x00000000d6b00000,0x00000000d6b00000,0x00000000ed580000)
  from space 40448K, 46% used [0x00000000ed580000,0x00000000ee7fc040,0x00000000efd00000)
  to   space 39424K, 0% used [0x00000000f2200000,0x00000000f2200000,0x00000000f4880000)
 ParOldGen       total 64512K, used 39611K [0x0000000084000000, 0x0000000087f00000, 0x00000000d6b00000)
  object space 64512K, 61% used [0x0000000084000000,0x00000000866aeda8,0x0000000087f00000)
 Metaspace       used 22764K, capacity 23232K, committed 23296K, reserved 1071104K
  class space    used 1700K, capacity 1778K, committed 1792K, reserved 1048576K
}
Event: 172.299 GC heap before
{Heap before GC invocations=105 (full 8):
 PSYoungGen      total 411648K, used 18928K [0x00000000d6b00000, 0x00000000f4880000, 0x0000000100000000)
  eden space 371200K, 0% used [0x00000000d6b00000,0x00000000d6b00000,0x00000000ed580000)
  from space 40448K, 46% used [0x00000000ed580000,0x00000000ee7fc040,0x00000000efd00000)
  to   space 39424K, 0% used [0x00000000f2200000,0x00000000f2200000,0x00000000f4880000)
 ParOldGen       total 64512K, used 39611K [0x0000000084000000, 0x0000000087f00000, 0x00000000d6b00000)
  object space 64512K, 61% used [0x0000000084000000,0x00000000866aeda8,0x0000000087f00000)
 Metaspace       used 22764K, capacity 23232K, committed 23296K, reserved 1071104K
  class space    used 1700K, capacity 1778K, committed 1792K, reserved 1048576K
Event: 172.409 GC heap after
Heap after GC invocations=105 (full 8):
 PSYoungGen      total 411648K, used 0K [0x00000000d6b00000, 0x00000000f4880000, 0x0000000100000000)
  eden space 371200K, 0% used [0x00000000d6b00000,0x00000000d6b00000,0x00000000ed580000)
  from space 40448K, 0% used [0x00000000ed580000,0x00000000ed580000,0x00000000efd00000)
  to   space 39424K, 0% used [0x00000000f2200000,0x00000000f2200000,0x00000000f4880000)
 ParOldGen       total 40448K, used 25139K [0x0000000084000000, 0x0000000086780000, 0x00000000d6b00000)
  object space 40448K, 62% used [0x0000000084000000,0x000000008588cc70,0x0000000086780000)
 Metaspace       used 22764K, capacity 23232K, committed 23296K, reserved 1071104K
  class space    used 1700K, capacity 1778K, committed 1792K, reserved 1048576K
}

