# JRE version: Java(TM) SE Runtime Environment (8.0-b132) (build 1.8.0-b132)
# Java VM: Java HotSpot(TM) 64-Bit Server VM (25.0-b70 mixed mode linux-amd64 compressed oops)
Heap:
 PSYoungGen      total 449024K, used 39K [0x00000000d6b00000, 0x00000000f5200000, 0x0000000100000000)
  eden space 402944K, 0% used [0x00000000d6b00000,0x00000000d6b09d38,0x00000000ef480000)
  from space 46080K, 0% used [0x00000000f2280000,0x00000000f2280000,0x00000000f4f80000)
  to   space 47104K, 0% used [0x00000000ef480000,0x00000000ef480000,0x00000000f2280000)
 ParOldGen       total 48640K, used 19288K [0x0000000084000000, 0x0000000086f80000, 0x00000000d6b00000)
  object space 48640K, 39% used [0x0000000084000000,0x00000000852d62a0,0x0000000086f80000)
 Metaspace       used 22775K, capacity 23232K, committed 23296K, reserved 1071104K
  class space    used 1701K, capacity 1778K, committed 1792K, reserved 1048576K
GC Heap History (10 events):
Event: 87.936 GC heap before
{Heap before GC invocations=71 (full 7):
 PSYoungGen      total 359424K, used 359392K [0x00000000d6b00000, 0x00000000f2000000, 0x0000000100000000)
  eden space 323584K, 100% used [0x00000000d6b00000,0x00000000ea700000,0x00000000ea700000)
  from space 35840K, 99% used [0x00000000ea700000,0x00000000ec9f8010,0x00000000eca00000)
  to   space 43520K, 0% used [0x00000000ef580000,0x00000000ef580000,0x00000000f2000000)
 ParOldGen       total 60928K, used 49482K [0x0000000084000000, 0x0000000087b80000, 0x00000000d6b00000)
  object space 60928K, 81% used [0x0000000084000000,0x0000000087052958,0x0000000087b80000)
 Metaspace       used 22762K, capacity 23166K, committed 23296K, reserved 1071104K
  class space    used 1700K, capacity 1777K, committed 1792K, reserved 1048576K
Event: 88.031 GC heap after
Heap after GC invocations=71 (full 7):
 PSYoungGen      total 402944K, used 30176K [0x00000000d6b00000, 0x00000000f2100000, 0x0000000100000000)
  eden space 359424K, 0% used [0x00000000d6b00000,0x00000000d6b00000,0x00000000eca00000)
  from space 43520K, 69% used [0x00000000ef580000,0x00000000f12f8000,0x00000000f2000000)
  to   space 44544K, 0% used [0x00000000eca00000,0x00000000eca00000,0x00000000ef580000)
 ParOldGen       total 84992K, used 84990K [0x0000000084000000, 0x0000000089300000, 0x00000000d6b00000)
  object space 84992K, 99% used [0x0000000084000000,0x00000000892ff978,0x0000000089300000)
 Metaspace       used 22762K, capacity 23166K, committed 23296K, reserved 1071104K
  class space    used 1700K, capacity 1777K, committed 1792K, reserved 1048576K
}
Event: 88.031 GC heap before
{Heap before GC invocations=72 (full 8):
 PSYoungGen      total 402944K, used 30176K [0x00000000d6b00000, 0x00000000f2100000, 0x0000000100000000)
  eden space 359424K, 0% used [0x00000000d6b00000,0x00000000d6b00000,0x00000000eca00000)
  from space 43520K, 69% used [0x00000000ef580000,0x00000000f12f8000,0x00000000f2000000)
  to   space 44544K, 0% used [0x00000000eca00000,0x00000000eca00000,0x00000000ef580000)
 ParOldGen       total 84992K, used 84990K [0x0000000084000000, 0x0000000089300000, 0x00000000d6b00000)
  object space 84992K, 99% used [0x0000000084000000,0x00000000892ff978,0x0000000089300000)
 Metaspace       used 22762K, capacity 23166K, committed 23296K, reserved 1071104K
  class space    used 1700K, capacity 1777K, committed 1792K, reserved 1048576K
Event: 88.195 GC heap after
Heap after GC invocations=72 (full 8):
 PSYoungGen      total 402944K, used 0K [0x00000000d6b00000, 0x00000000f2100000, 0x0000000100000000)
  eden space 359424K, 0% used [0x00000000d6b00000,0x00000000d6b00000,0x00000000eca00000)
  from space 43520K, 0% used [0x00000000ef580000,0x00000000ef580000,0x00000000f2000000)
  to   space 44544K, 0% used [0x00000000eca00000,0x00000000eca00000,0x00000000ef580000)
 ParOldGen       total 91136K, used 61374K [0x0000000084000000, 0x0000000089900000, 0x00000000d6b00000)
  object space 91136K, 67% used [0x0000000084000000,0x0000000087bef9f0,0x0000000089900000)
 Metaspace       used 22762K, capacity 23166K, committed 23296K, reserved 1071104K
  class space    used 1700K, capacity 1777K, committed 1792K, reserved 1048576K
}
Event: 92.154 GC heap before
{Heap before GC invocations=73 (full 8):
 PSYoungGen      total 402944K, used 359424K [0x00000000d6b00000, 0x00000000f2100000, 0x0000000100000000)
  eden space 359424K, 100% used [0x00000000d6b00000,0x00000000eca00000,0x00000000eca00000)
  from space 43520K, 0% used [0x00000000ef580000,0x00000000ef580000,0x00000000f2000000)
  to   space 44544K, 0% used [0x00000000eca00000,0x00000000eca00000,0x00000000ef580000)
 ParOldGen       total 91136K, used 61374K [0x0000000084000000, 0x0000000089900000, 0x00000000d6b00000)
  object space 91136K, 67% used [0x0000000084000000,0x0000000087bef9f0,0x0000000089900000)
 Metaspace       used 22762K, capacity 23166K, committed 23296K, reserved 1071104K
  class space    used 1700K, capacity 1777K, committed 1792K, reserved 1048576K
Event: 92.325 GC heap after
Heap after GC invocations=73 (full 8):
 PSYoungGen      total 403968K, used 33856K [0x00000000d6b00000, 0x00000000f4f80000, 0x0000000100000000)
  eden space 359424K, 0% used [0x00000000d6b00000,0x00000000d6b00000,0x00000000eca00000)
  from space 44544K, 76% used [0x00000000eca00000,0x00000000eeb10000,0x00000000ef580000)
  to   space 46080K, 0% used [0x00000000f2280000,0x00000000f2280000,0x00000000f4f80000)
 ParOldGen       total 91136K, used 61374K [0x0000000084000000, 0x0000000089900000, 0x00000000d6b00000)
  object space 91136K, 67% used [0x0000000084000000,0x0000000087bef9f0,0x0000000089900000)
 Metaspace       used 22762K, capacity 23166K, committed 23296K, reserved 1071104K
  class space    used 1700K, capacity 1777K, committed 1792K, reserved 1048576K
}
Event: 93.478 GC heap before
{Heap before GC invocations=74 (full 8):
 PSYoungGen      total 403968K, used 102422K [0x00000000d6b00000, 0x00000000f4f80000, 0x0000000100000000)
  eden space 359424K, 19% used [0x00000000d6b00000,0x00000000dadf5b18,0x00000000eca00000)
  from space 44544K, 76% used [0x00000000eca00000,0x00000000eeb10000,0x00000000ef580000)
  to   space 46080K, 0% used [0x00000000f2280000,0x00000000f2280000,0x00000000f4f80000)
 ParOldGen       total 91136K, used 61374K [0x0000000084000000, 0x0000000089900000, 0x00000000d6b00000)
  object space 91136K, 67% used [0x0000000084000000,0x0000000087bef9f0,0x0000000089900000)
 Metaspace       used 22774K, capacity 23232K, committed 23296K, reserved 1071104K
  class space    used 1701K, capacity 1778K, committed 1792K, reserved 1048576K
Event: 93.524 GC heap after
Heap after GC invocations=74 (full 8):
 PSYoungGen      total 449024K, used 6272K [0x00000000d6b00000, 0x00000000f5200000, 0x0000000100000000)
  eden space 402944K, 0% used [0x00000000d6b00000,0x00000000d6b00000,0x00000000ef480000)
  from space 46080K, 13% used [0x00000000f2280000,0x00000000f28a0000,0x00000000f4f80000)
  to   space 47104K, 0% used [0x00000000ef480000,0x00000000ef480000,0x00000000f2280000)
 ParOldGen       total 91136K, used 62342K [0x0000000084000000, 0x0000000089900000, 0x00000000d6b00000)
  object space 91136K, 68% used [0x0000000084000000,0x0000000087ce19f0,0x0000000089900000)
 Metaspace       used 22774K, capacity 23232K, committed 23296K, reserved 1071104K
  class space    used 1701K, capacity 1778K, committed 1792K, reserved 1048576K
}
Event: 93.524 GC heap before
{Heap before GC invocations=75 (full 9):
 PSYoungGen      total 449024K, used 6272K [0x00000000d6b00000, 0x00000000f5200000, 0x0000000100000000)
  eden space 402944K, 0% used [0x00000000d6b00000,0x00000000d6b00000,0x00000000ef480000)
  from space 46080K, 13% used [0x00000000f2280000,0x00000000f28a0000,0x00000000f4f80000)
  to   space 47104K, 0% used [0x00000000ef480000,0x00000000ef480000,0x00000000f2280000)
 ParOldGen       total 91136K, used 62342K [0x0000000084000000, 0x0000000089900000, 0x00000000d6b00000)
  object space 91136K, 68% used [0x0000000084000000,0x0000000087ce19f0,0x0000000089900000)
 Metaspace       used 22774K, capacity 23232K, committed 23296K, reserved 1071104K
  class space    used 1701K, capacity 1778K, committed 1792K, reserved 1048576K
Event: 93.589 GC heap after
Heap after GC invocations=75 (full 9):
 PSYoungGen      total 449024K, used 0K [0x00000000d6b00000, 0x00000000f5200000, 0x0000000100000000)
  eden space 402944K, 0% used [0x00000000d6b00000,0x00000000d6b00000,0x00000000ef480000)
  from space 46080K, 0% used [0x00000000f2280000,0x00000000f2280000,0x00000000f4f80000)
  to   space 47104K, 0% used [0x00000000ef480000,0x00000000ef480000,0x00000000f2280000)
 ParOldGen       total 48640K, used 19288K [0x0000000084000000, 0x0000000086f80000, 0x00000000d6b00000)
  object space 48640K, 39% used [0x0000000084000000,0x00000000852d62a0,0x0000000086f80000)
 Metaspace       used 22774K, capacity 23232K, committed 23296K, reserved 1071104K
  class space    used 1701K, capacity 1778K, committed 1792K, reserved 1048576K
}

